<?xml version="1.0" encoding="UTF-8"?><testsuite errors="1" failures="0" name="Registro de usuario" skipped="0" tests="1" time="21.47" timestamp="2022-09-12 11:28:50"><testcase name="Registro de usuario en la pagina"><error message="No such field co.com.choucair.certification.prueba.model.Utest_Datos.nombre" type="cucumber.runtime.CucumberException">No such field co.com.choucair.certification.prueba.model.Utest_Datos.nombre</error><system-err>No such field co.com.choucair.certification.prueba.model.Utest_Datos.nombre&#13;
cucumber.runner.Runner.runPickle(Runner.java:80)&#13;
worker.org.gradle.process.internal.worker.GradleWorkerMain.run(GradleWorkerMain.java:69)&#13;
worker.org.gradle.process.internal.worker.GradleWorkerMain.main(GradleWorkerMain.java:74)&#13;
</system-err></testcase></testsuite>